<?xml version="1.0" encoding="UTF-8"?>
<!-- Generated by org.testng.reporters.JUnitReportReporter -->
<testsuite skipped="0" hostname="L4991840" name="TC001_GET_REQUEST" tests="1" failures="0" timestamp="2020-01-29T11:13:00 PST" time="1.623" errors="0">
  <testcase name="getWeatherDetails" time="1.623" classname="TC001_GET_REQUEST"/>
  <system-out/>
</testsuite> <!-- TC001_GET_REQUEST -->
