<?xml version="1.0" encoding="UTF-8"?>
<!-- Generated by org.testng.reporters.JUnitReportReporter -->
<testsuite skipped="0" hostname="L4991840" name="TC007_Request_Authentication" tests="1" failures="0" timestamp="2020-01-29T11:33:17 PST" time="1.758" errors="0">
  <testcase name="authentication" time="1.758" classname="TC007_Request_Authentication"/>
  <system-out/>
</testsuite> <!-- TC007_Request_Authentication -->
