<?xml version="1.0" encoding="UTF-8"?>
<!-- Generated by org.testng.reporters.JUnitReportReporter -->
<testsuite skipped="0" hostname="L4991840" name="TC005_ValidatingJSONResponse" tests="1" failures="0" timestamp="2020-01-29T10:47:11 PST" time="1.865" errors="0">
  <testcase name="validatingJSONResponse" time="1.865" classname="TC005_ValidatingJSONResponse"/>
  <system-out/>
</testsuite> <!-- TC005_ValidatingJSONResponse -->
