<?xml version="1.0" encoding="UTF-8"?>
<!-- Generated by org.testng.reporters.JUnitReportReporter -->
<testsuite skipped="1" hostname="L4991840" name="dataDrivenTesting.DataDrivenTest_AddNewEmployee" tests="1" failures="0" timestamp="2020-01-29T18:48:00 PST" time="0.000" errors="0">
  <testcase name="postNewEmployees" time="0.000" classname="dataDrivenTesting.DataDrivenTest_AddNewEmployee">
    <skipped/>
  </testcase> <!-- postNewEmployees -->
  <system-out/>
</testsuite> <!-- dataDrivenTesting.DataDrivenTest_AddNewEmployee -->
