<?xml version="1.0" encoding="UTF-8"?>
<!-- Generated by org.testng.reporters.JUnitReportReporter -->
<testsuite skipped="0" hostname="L4991840" name="TC003_ValidateHeaders" tests="1" failures="0" timestamp="2020-01-29T10:19:23 PST" time="1.683" errors="0">
  <testcase name="validateHeaders" time="1.683" classname="TC003_ValidateHeaders"/>
  <system-out/>
</testsuite> <!-- TC003_ValidateHeaders -->
