<?xml version="1.0" encoding="UTF-8"?>
<!-- Generated by org.testng.reporters.JUnitReportReporter -->
<testsuite skipped="0" hostname="L4991840" name="TC004_PrintAllHeaders" tests="1" failures="0" timestamp="2020-01-29T10:32:27 PST" time="1.620" errors="0">
  <testcase name="printAllHeaders" time="1.620" classname="TC004_PrintAllHeaders"/>
  <system-out/>
</testsuite> <!-- TC004_PrintAllHeaders -->
