<?xml version="1.0" encoding="UTF-8"?>
<!-- Generated by org.testng.reporters.JUnitReportReporter -->
<testsuite skipped="0" hostname="L4991840" name="com.employeeapi.testCases.TC004_Delete_Empolyee_Record" tests="1" failures="0" timestamp="2020-01-30T11:35:15 PST" time="0.004" errors="0">
  <testcase name="verrifyResponseBody" time="0.004" classname="com.employeeapi.testCases.TC004_Delete_Empolyee_Record"/>
  <system-out/>
</testsuite> <!-- com.employeeapi.testCases.TC004_Delete_Empolyee_Record -->
