<?xml version="1.0" encoding="UTF-8"?>
<!-- Generated by org.testng.reporters.JUnitReportReporter -->
<testsuite skipped="0" hostname="L4991840" name="com.employeeapi.testCases.TC002_Get_Single_Employee_Record" tests="1" failures="0" timestamp="2020-01-30T09:05:06 PST" time="0.022" errors="0">
  <testcase name="getResponseBody" time="0.022" classname="com.employeeapi.testCases.TC002_Get_Single_Employee_Record"/>
  <system-out/>
</testsuite> <!-- com.employeeapi.testCases.TC002_Get_Single_Employee_Record -->
